<?xml version="1.0" encoding="UTF-8"?>
<!-- Generated by org.testng.reporters.JUnitXMLReporter -->
<testsuite ignored="0" hostname="user4" failures="0" tests="4" name="Default test" time="32.113" errors="0" timestamp="2024-11-08T13:18:56 IST">
  <testcase classname="TestScripts.ExtentReportSampleTest" name="seleniumSearchTC" time="3.0"/>
  <testcase classname="TestScripts.ExtentReportSampleTest" name="appiumSearchTC" time="5.066"/>
  <testcase classname="TestScripts.ExtentReportSampleTest" name="cucumberSearchTC" time="5.68"/>
  <testcase classname="TestScripts.ExtentReportSampleTest" name="javaSearchTC" time="4.751"/>
</testsuite> <!-- Default test -->
