<?xml version="1.0" encoding="UTF-8"?>
<!-- Generated by org.testng.reporters.JUnitXMLReporter -->
<testsuite ignored="4" hostname="user4" failures="0" tests="1" name="Default test" time="0.069" errors="0" timestamp="2024-11-07T13:09:34 IST">
  <testcase classname="parallelScripts.SampleTwoTest" name="testFive" time="0.012"/>
  <testcase classname="parallelScripts.SampleTwoTest" name="testTwo" time="0.0">
    <ignored/>
  </testcase> <!-- testTwo -->
  <testcase classname="parallelScripts.SampleTwoTest" name="testFour" time="0.0">
    <ignored/>
  </testcase> <!-- testFour -->
  <testcase classname="parallelScripts.SampleTwoTest" name="testThree" time="0.0">
    <ignored/>
  </testcase> <!-- testThree -->
  <testcase classname="parallelScripts.SampleTwoTest" name="testOne" time="0.0">
    <ignored/>
  </testcase> <!-- testOne -->
</testsuite> <!-- Default test -->
