<?xml version="1.0" encoding="UTF-8"?>
<!-- Generated by org.testng.reporters.JUnitXMLReporter -->
<testsuite ignored="1" hostname="user4" failures="0" tests="1" name="ModuleOneTest(failed)" time="9.268" errors="0" timestamp="2024-11-07T11:10:03 IST">
  <testcase classname="TestScripts.GooglePageTestNG" name="seleniumSearchTC" time="4.781"/>
  <testcase classname="TestScripts.GooglePageTestNG" name="javaSearchTC" time="0.0">
    <ignored/>
  </testcase> <!-- javaSearchTC -->
</testsuite> <!-- ModuleOneTest(failed) -->
