<?xml version="1.0" encoding="UTF-8"?>
<!-- Generated by org.testng.reporters.JUnitXMLReporter -->
<testsuite ignored="8" hostname="user4" failures="0" tests="7" name="ModuleOneTest" time="0.132" errors="0" timestamp="2024-11-07T13:17:37 IST">
  <testcase classname="parallelScripts.SampleOneTest" name="testFive" time="0.014"/>
  <testcase classname="parallelScripts.SampleOneTest" name="testThree" time="0.004"/>
  <testcase classname="parallelScripts.SampleTwoTest" name="testFive" time="0.002"/>
  <testcase classname="parallelScripts.SampleTwoTest" name="testOne" time="0.003"/>
  <testcase classname="parallelScripts.SampleThreeTest" name="testOne" time="0.008"/>
  <testcase classname="parallelScripts.SampleThreeTest" name="testThree" time="0.004"/>
  <testcase classname="parallelScripts.SampleThreeTest" name="testTwo" time="0.005"/>
  <testcase classname="parallelScripts.SampleThreeTest" name="testFive" time="0.0">
    <ignored/>
  </testcase> <!-- testFive -->
  <testcase classname="parallelScripts.SampleOneTest" name="testOne" time="0.0">
    <ignored/>
  </testcase> <!-- testOne -->
  <testcase classname="parallelScripts.SampleTwoTest" name="testTwo" time="0.0">
    <ignored/>
  </testcase> <!-- testTwo -->
  <testcase classname="parallelScripts.SampleOneTest" name="testFour" time="0.0">
    <ignored/>
  </testcase> <!-- testFour -->
  <testcase classname="parallelScripts.SampleTwoTest" name="testFour" time="0.0">
    <ignored/>
  </testcase> <!-- testFour -->
  <testcase classname="parallelScripts.SampleTwoTest" name="testThree" time="0.0">
    <ignored/>
  </testcase> <!-- testThree -->
  <testcase classname="parallelScripts.SampleOneTest" name="testTwo" time="0.0">
    <ignored/>
  </testcase> <!-- testTwo -->
  <testcase classname="parallelScripts.SampleThreeTest" name="testFour" time="0.0">
    <ignored/>
  </testcase> <!-- testFour -->
</testsuite> <!-- ModuleOneTest -->
