<?xml version="1.0" encoding="UTF-8"?>
<!-- Generated by org.testng.reporters.JUnitXMLReporter -->
<testsuite ignored="0" hostname="user4" failures="0" tests="8" name="ModuleOneTest" time="0.158" errors="0" timestamp="2024-11-08T12:43:14 IST">
  <testcase classname="parallelScripts.SampleOneTest" name="testFive" time="0.015"/>
  <testcase classname="parallelScripts.SampleOneTest" name="testFour" time="0.002"/>
  <testcase classname="parallelScripts.SampleOneTest" name="testOne" time="0.006"/>
  <testcase classname="parallelScripts.SampleOneTest" name="testOne" time="0.007"/>
  <testcase classname="parallelScripts.SampleOneTest" name="testOne" time="0.005"/>
  <testcase classname="parallelScripts.SampleOneTest" name="testOne" time="0.018"/>
  <testcase classname="parallelScripts.SampleOneTest" name="testThree" time="0.008"/>
  <testcase classname="parallelScripts.SampleOneTest" name="testTwo" time="0.002"/>
</testsuite> <!-- ModuleOneTest -->
